T8D285740 000:031.225   SEGGER J-Link V8.10h Log File
T8D285740 000:031.367   DLL Compiled: Nov 20 2024 12:20:16
T8D285740 000:031.369   Logging started @ 2025-04-17 09:38
T8D285740 000:031.372   Process: /opt/SEGGER/JLink_V810h/JLinkExe
T8D285740 000:031.375 - 31.374ms 
T8D285740 000:031.417 JLINK_TIF_GetAvailable(...)
T8D285740 000:034.582 - 3.163ms 
T8D285740 000:034.646 JLINK_ConfigJTAG(IRPre = -1, DRPre = -1)
T8D285740 000:034.649 - 0.008ms 
T8D285740 000:034.661 JLINK_DEVICE_GetIndex(sDeviceName = lpc2294)
T8D285740 000:049.285 - 14.623ms returns 5206
T8D285740 000:049.312 JLINK_ExecCommand("device=lpc2294", ...). 
T8D285740 000:050.731   Add. flash bank: Turbo mode enabled, but no RAMCode available. 
T8D285740 000:050.839   Device "LPC2294" selected.
T8D285740 000:052.371 - 3.057ms returns 0x00
T8D285740 000:052.380 JLINK_EnableLog(...)
T8D285740 000:052.381 - 0.002ms 
T8D285740 000:052.389 JLINK_GetEmuCaps()
T8D285740 000:052.392 - 0.003ms returns 0xB9FF7BBF
T8D285740 000:052.394 JLINK_TIF_GetAvailable(...)
T8D285740 000:052.508 - 0.114ms 
T8D285740 000:052.513 JLINK_TIF_Select(JLINKARM_TIF_JTAG)
T8D285740 000:053.566 - 1.054ms returns 0x00
T8D285740 000:053.575 JLINK_IsConnected()
T8D285740 000:053.576 - 0.002ms returns FALSE
T8D285740 000:053.579 JLINK_SetSpeed(1000)
T8D285740 000:053.714 - 0.135ms 
T8D285740 000:053.717 JLINK_Connect()
T8D285740 000:055.254   TotalIRLen = 4, IRPrint = 0x01
T8D285740 000:055.646   JTAG chain detection found 1 devices:
T8D285740 000:055.651    #0 Id: 0x4F1F0F0F, IRLen: 04, ARM7TDMI-S Core
T8D285740 000:056.073   -- Max. mem block: 0x00004598
T8D285740 000:056.101 - 2.385ms returns 0x00
T8D285740 000:056.128 JLINK_GetIdData(pIdData)
T8D285740 000:057.167   pIdData->ScanLen=4
T8D285740 000:057.172   pIdData->NumDevices=1
T8D285740 000:057.174   pIdData->aId[0]=0x4F1F0F0F
T8D285740 000:057.176   pIdData->aIrRead[0]=0
T8D285740 000:057.182   pIdData->aScanLen[0]=4
T8D285740 000:057.183   pIdData->aScanRead[0]=0
T8D285740 000:057.186 - 1.057ms 
T8D285740 000:057.200 JLINK_GetMemZones(...)
T8D285740 000:057.210 - 0.009ms returns 1
T8D285740 000:057.224 JLINK_HasError()
T8D285740 000:057.228 JLINK_CORE_GetFound()
T8D285740 000:057.230 - 0.003ms returns 0x7FFFFFF
T8D285740 000:057.237 JLINK_ETM_IsPresent()
T8D285740 000:060.291 - 3.054ms returns 18:TRUE
T8D285740 000:060.300 JLINK_ETM_IsPresent()
T8D285740 000:060.301 - 0.001ms returns 18:TRUE
T8D285740 000:060.305 JLINK_ETM_ReadReg(RegIndex = 0x01)
T8D285740 000:060.306    -- Skipped
T8D285740 000:060.309 - 0.005ms returns 0x20842401
T8D285740 000:060.319 JLINK_ETB_IsPresent()
T8D285740 000:060.322 - 0.003ms returns 0:FALSE
T8D285740 000:060.331 JLINK_SetResetType(JLINKARM_RESET_TYPE_HALT_WP)
T8D285740 000:060.334 - 0.003ms returns JLINKARM_RESET_TYPE_LPC
T8D285740 000:060.337 JLINK_GetResetTypeDesc
T8D285740 000:060.339 - 0.003ms 
T8D285740 000:060.361 JLINK_ConfigJTAG(IRPre = -1, DRPre = -1)
T8D285740 000:060.362 - 0.002ms 
T8D285740 000:060.366 JLINK_DEVICE_GetIndex(sDeviceName = lpc2294)
T8D285740 000:060.621 - 0.255ms returns 5206
T8D285740 000:060.630 JLINK_ExecCommand("device=lpc2294", ...). 
T8D285740 000:060.763   Add. flash bank: Turbo mode enabled, but no RAMCode available. 
T8D285740 000:060.798   Device "LPC2294" selected.
T8D285740 000:061.115 - 0.482ms returns 0x00
T8D285740 000:061.119 JLINK_EnableLog(...)
T8D285740 000:061.120 - 0.001ms 
T8D285740 000:061.127 JLINK_GetEmuCaps()
T8D285740 000:061.130 - 0.002ms returns 0xB9FF7BBF
T8D285740 000:061.134 JLINK_TIF_GetAvailable(...)
T8D285740 000:061.241 - 0.108ms 
T8D285740 000:061.243 JLINK_TIF_Select(JLINKARM_TIF_JTAG)
T8D285740 000:061.245 - 0.002ms returns 0x00
T8D285740 000:061.250 JLINK_IsConnected()
T8D285740 000:061.251 - 0.002ms returns TRUE
T8D285740 000:061.253 JLINK_SetSpeed(1000)
T8D285740 000:061.305 - 0.051ms 
T8D285740 000:061.307 JLINK_Connect()
T8D285740 000:062.887   TotalIRLen = 4, IRPrint = 0x01
T8D285740 000:063.278   JTAG chain detection found 1 devices:
T8D285740 000:063.299    #0 Id: 0x4F1F0F0F, IRLen: 04, ARM7TDMI-S Core
T8D285740 000:063.692   -- Max. mem block: 0x00004598
T8D285740 000:063.707 - 2.401ms returns 0x00
T8D285740 000:063.712 JLINK_GetIdData(pIdData)
T8D285740 000:064.789   pIdData->ScanLen=4
T8D285740 000:064.797   pIdData->NumDevices=1
T8D285740 000:064.800   pIdData->aId[0]=0x4F1F0F0F
T8D285740 000:064.804   pIdData->aIrRead[0]=0
T8D285740 000:064.807   pIdData->aScanLen[0]=4
T8D285740 000:064.810   pIdData->aScanRead[0]=0
T8D285740 000:064.814 - 1.103ms 
T8D285740 000:064.817 JLINK_GetMemZones(...)
T8D285740 000:064.820 - 0.003ms returns 1
T8D285740 000:064.828 JLINK_HasError()
T8D285740 000:064.831 JLINK_CORE_GetFound()
T8D285740 000:064.834 - 0.003ms returns 0x7FFFFFF
T8D285740 000:064.841 JLINK_ETM_IsPresent()
T8D285740 000:067.926 - 3.083ms returns 18:TRUE
T8D285740 000:067.973 JLINK_ETM_IsPresent()
T8D285740 000:067.978 - 0.006ms returns 18:TRUE
T8D285740 000:067.981 JLINK_ETM_ReadReg(RegIndex = 0x01)
T8D285740 000:067.984    -- Skipped
T8D285740 000:067.989 - 0.007ms returns 0x20842401
T8D285740 000:068.005 JLINK_ETB_IsPresent()
T8D285740 000:068.010 - 0.004ms returns 0:FALSE
T8D285740 000:068.041 JLINK_Reset()
T8D285740 000:068.061   JLINK_GetResetTypeDesc
T8D285740 000:068.065   - 0.004ms 
T8D285740 000:068.072   Reset type: HALT_WP (https://wiki.segger.com/J-Link_Reset_Strategies)
T8D285740 000:068.077   _ResetHaltWP: 
T8D285740 000:092.987   Resetting TRST
T8D285740 000:116.603 - 48.561ms 
T8D285740 000:116.629 JLINK_Halt()
T8D285740 000:116.633 - 0.003ms returns 0x00
T8D285740 000:116.661 JLINK_ExecCommand("SetVerifyRAMDownload = 1", ...). 
T8D285740 000:116.668 - 0.001ms returns 0x00
T8D285740 000:116.672 JLINK_DownloadFile()
T8D285740 000:117.000   Data:  12 00 00 EA 14 F0 9F E5 14 F0 9F E5 14 F0 9F E5 ...
T8D285740 000:117.555    -- ReadRemote(4 bytes @ 0xE01FC040)
T8D285740 000:118.494    -- Need to split memory access
T8D285740 000:118.501    -- #0: 0x00000000, 0x00000040 bytes
T8D285740 000:118.506   completely In flash
T8D285740 000:118.510    -- #1: 0x00000040, 0x0000E504 bytes
T8D285740 000:118.513   completely In flash
T8D285740 000:118.523   Data:  00 48 2D E9 04 B0 8D E2 78 D0 4D E2 78 00 0B E5 ...
T8D285740 000:118.528   completely In flash
T8D285740 000:118.533   Data:  6B 00 19 07 1A 00 1B 00 1C 00 23 00 24 00 37 00 ...
T8D285740 000:118.537   completely In flash
T8D285740 000:118.687    -- --------------------------------------
T8D285740 000:118.697    -- Flash bank @ 0x00000000: Default: L2 verify disabled because algorithm performs L1 verify
T8D285740 000:118.702    -- Start of determining dirty areas in flash cache
T8D285740 000:118.710    -- Filling invalid ranges in sector buffer (flash cache) for sector @ 0x00000000 if necessary
T8D285740 000:118.714    -- Filling invalid ranges in sector buffer (flash cache) for sector @ 0x00002000 if necessary
T8D285740 000:118.718    -- Filling invalid ranges in sector buffer (flash cache) for sector @ 0x00004000 if necessary
T8D285740 000:118.722    -- Filling invalid ranges in sector buffer (flash cache) for sector @ 0x00006000 if necessary
T8D285740 000:118.726    -- Filling invalid ranges in sector buffer (flash cache) for sector @ 0x00008000 if necessary
T8D285740 000:118.730    -- Filling invalid ranges in sector buffer (flash cache) for sector @ 0x0000A000 if necessary
T8D285740 000:118.734    -- Filling invalid ranges in sector buffer (flash cache) for sector @ 0x0000C000 if necessary
T8D285740 000:118.738    -- Filling invalid ranges in sector buffer (flash cache) for sector @ 0x0000E000 if necessary
T8D285740 000:118.777    -- End of determining dirty areas
T8D285740 000:118.782    -- Start of preparing flash programming
T8D285740 000:118.786    -- Calculating RAM usage
T8D285740 000:118.796    -- RAM usage = 8672 Bytes
T8D285740 000:118.800    -- Preserving CPU registers
T8D285740 000:118.812    -- Determining CPU clock frequency
T8D285740 000:129.977    -- Preparing target
T8D285740 000:132.422    -- Preserving target RAM temporarily used for programming
T8D285740 000:283.315    -- Preserving additional used target memory
T8D285740 000:284.643    -- Downloading RAMCode
T8D285740 000:308.484    -- Preparing RAMCode
T8D285740 000:316.035    -- CPU frequency = 15216 kHz
T8D285740 000:316.055    -- End of preparing flash programming
T8D285740 000:329.813    -- CPU is running at 15216 kHz.
T8D285740 000:329.869    -- Start of comparing flash
T8D285740 000:329.880    -- CRC check was estimated as fastest method
T8D285740 000:331.344    -- Comparing range 0x0000 - 0xFFFF (8 Sectors, 64 KB), using multi-block CRC calculation
T8D285740 000:451.747    -- CRC does not match for sectors 0, 6
T8D285740 000:453.696    -- Comparing range 0x2000 - 0xBFFF (5 Sectors, 40 KB), using alternative multi-block CRC calculation
T8D285740 000:530.056    -- All CRCs match
T8D285740 000:531.769    -- Comparing range 0xE000 - 0xFFFF (1 Sector, 8 KB), using alternative multi-block CRC calculation
T8D285740 000:556.066    -- All CRCs match
T8D285740 000:556.112    -- End of comparing flash
T8D285740 000:556.123    -- Start of erasing sectors
T8D285740 000:556.140    -- Erasing range 0x00000000 - 0x00001FFF (  1 Sector, 8 KB)
T8D285740 000:681.965    -- Erasing range 0x0000C000 - 0x0000DFFF (  1 Sector, 8 KB)
T8D285740 000:807.479    -- End of erasing sectors
T8D285740 000:807.582    -- Start of flash programming
T8D285740 000:807.597    -- Programming range 0x00000000 - 0x00001FFF (  1 Sector, 8 KB)
T8D285740 001:029.885    -- Programming range 0x0000C000 - 0x0000DFFF (  1 Sector, 8 KB)
T8D285740 001:248.082    -- End of flash programming
T8D285740 001:248.157    -- 0x0000 - 0x1FFF (  1 Sector, 8 KB)
T8D285740 001:248.173    -- 0xC000 - 0xDFFF (  1 Sector, 8 KB)
T8D285740 001:248.189    -- Start of restoring
T8D285740 001:248.202    -- Restoring RAMCode
T8D285740 001:254.020    -- Restoring target memory
T8D285740 001:378.008    -- Restore target
T8D285740 001:379.197    -- Restoring CPU registers
T8D285740 001:379.266    -- End of restoring
T8D285740 001:379.316    -- Bank 0 @ 0x00000000: 2 ranges affected (16384 bytes)
T8D285740 001:379.350    -- Total: 1.260s (Prepare: 0.211s, Compare: 0.226s, Erase: 0.251s, Program & Verify: 0.440s, Restore: 0.131s)
T8D285740 001:379.374    -- Program & Verify speed: 36 KB/s
T8D285740 001:380.121 - 1263.446ms returns 0x00
T8D285740 001:380.175 JLINK_ExecCommand("SetVerifyRAMDownload = 0", ...). 
T8D285740 001:380.188 - 0.004ms returns 0x01
T8D285740 001:380.234 JLINK_SetResetDelay(0)
T8D285740 001:380.240 - 0.005ms 
T8D285740 001:380.246 JLINK_Reset()
T8D285740 001:380.262   JLINK_GetResetTypeDesc
T8D285740 001:380.268   - 0.006ms 
T8D285740 001:380.280   Reset type: HALT_WP (https://wiki.segger.com/J-Link_Reset_Strategies)
T8D285740 001:380.287   _ResetHaltWP: 
T8D285740 001:406.081   Resetting TRST
T8D285740 001:429.198 - 48.949ms 
T8D285740 001:429.292 JLINK_IsOpen()
T8D285740 001:429.301 - 0.008ms returns 0x01
T8D285740 001:436.738 JLINK_Close()
T8D285740 001:450.252 - 13.511ms
T8D285740 001:450.293   
T8D285740 001:450.300   Closed
